
-------------------------------------------------------------------
[Downloader2] Loaded configuration: normal
[Downloader2] Files in queue 16
[Downloader2] Starting download 16 files...
[D#2] >  done http://res.tlauncher.org/b/libraries/javax/inject/javax.inject/1/javax.inject-1.jar 
[D#2] >  done http://res.tlauncher.org/b/libraries/aopalliance/aopalliance/1.0/aopalliance-1.0.jar 
[D#1] >  done http://res.tlauncher.org/b/libraries/com/google/inject/guice/4.1.0/guice-4.1.0.jar 
[D#1] >  done http://res.tlauncher.org/b/libraries/com/google/inject/extentions/guice-assistedinject/4.1.0/guice-assistedinject-4.1.0.jar 
[D#2] >  done http://res.tlauncher.org/b/libraries/log4j/log4j/1.2.17/log4j-1.2.17.jar 
[D#2] >  done http://res.tlauncher.org/b/libraries/org/tukaani/xz/1.5/xz-1.5.jar 
[D#1] >  done http://res.tlauncher.org/b/libraries/com/google/guava/guava/19.0/guava-19.0.jar 
[D#1] >  done http://res.tlauncher.org/b/libraries/org/apache/commons/commons-lang3/3.4/commons-lang3-3.4.jar 
[D#2] >  done http://res.tlauncher.org/b/libraries/org/tlauncher/picture-bundle/3.7/picture-bundle-3.7.jar 
[D#1] >  done http://res.tlauncher.org/b/libraries/net/sf/jopt-simple/jopt-simple/4.9/jopt-simple-4.9.jar 
[D#1] >  done http://res.tlauncher.org/b/libraries/org/tlauncher/skin-server-API/1.0/skin-server-API-1.0.jar 
[D#2] >  done http://res.tlauncher.org/b/libraries/dnsjava/dnsjava/2.1.8/dnsjava-2.1.8.jar 
[D#2] >  done http://res.tlauncher.org/b/libraries/org/apache/httpcomponents/fluent-hc/4.5.13/fluent-hc-4.5.13.jar 
[D#2] >  done http://res.tlauncher.org/b/libraries/org/apache/logging/log4j/log4j-core/2.14.1/log4j-core-2.14.1.jar 
[D#1] >  done http://res.tlauncher.org/b/libraries/org/tlauncher/tlauncher-resource/1.4/tlauncher-resource-1.4.jar 
[D#1] >  done http://res.tlauncher.org/b/libraries/com/github/junrar/junrar/0.7/junrar-0.7.jar 
[Bootstrapper] createLauncher
[Bootstrapper] choose jvm:C:\Users\max\AppData\Roaming\.tlauncher\jvms\jre1.8.0_281\bin\javaw.exe
[Bootstrapper] validate files
[Bootstrapper] end validated files
[Bootstrapper] Starting launcher...
[Double running] clear time label
> Loading configuration from file: C:\Users\max\AppData\Roaming\.tlauncher\tlauncher-2.0.properties
> [Configuration] Constant values: {}
> [Loading] INITIALIZING
> Starting TLauncher 2.885 RELEASE
> For more information, visit https://tlauncher.org/
> Startup time: 09.07.2023 23:57:30
> Running folder C:\Users\max\AppData\Roaming\.minecraft
> ---
> [Loading] LOADING_CONFIGURATION
> Machine info: -------------------------------------------------------
> Windows 10 10.0, Java 1.8.0_281, jvm bit x64, 16304 MB RAM
> java path=C:\Users\max\AppData\Roaming\.tlauncher\jvms\jre1.8.0_281\bin\javaw.exe
> Intel(R) Core(TM) i7-7700HQ CPU @ 2.80GHz
>  Intel(R) HD Graphics 630, Intel(R) HD Graphics Family, 8280 MB, NVIDIA GeForce GTX 1050 Ti, NVIDIA GeForce GTX 1050 Ti, 12172 MB
> -------------------------------------------------------
> Selected locale: ru_RU
> [Loading] LOADING_CONSOLE
> [Downloader2] Loaded configuration: good
> [Updater] Requesting an update...
> [Updater] Requesting from: https://repo.tlauncher.org/update/lch/release_update_2.2.json
> [Updater] Making request: https://repo.tlauncher.org/update/lch/release_update_2.2.json?version=2.885&client=0d89fa4e-bb30-41e3-b562-3d379541be6c
> [Browser] Loading resources...
> [Browser] Loading background...
> [Browser] Cleaning up after loading:
> Starting garbage collector: 33 / 197 MB
> Garbage collector completed: 17 / 231 MB
> [Loading] LOADING_MANAGERS
> [LocalVersionList] Base directory: C:\Users\max\Desktop\Новая папка\EGOR_PIDR
> [ProfileManager] Refreshing profiles from: C:\Users\max\Desktop\Новая папка\EGOR_PIDR\TlauncherProfiles.json
> file not exist TlauncherProfiles.json
> [AdvertisingStatusObserver]  started to get ad information
> [AdvertisingStatusObserver]  finished to get add information
> save profiles
> [GsonUtil]  request to https://repo.tlauncher.org/update/downloads/libraries/org/tlauncher/authlib/libraries-1.7.json
> [JFXStartPageLoader]  start load page: https://page.tlauncher.org/update/downloads/configs/client/index.html
> [Loading] LOADING_WINDOW
> [Browser] Running in JavaFX Thread
> [Browser] Preparing JavaFX...
> [Swing] Favicons loaded: 256px, 128px, 96px, 64px, 48px, 32px, 24px, 16px
> [Loading] PREPARING_MAINPANE
> [Browser] Initializing...
> [Updater] Request time: 769 ms
> [Updater] Successfully requested from: https://repo.tlauncher.org/update/lch/release_update_2.2.json
> [REPO][SERVER_LIST_REPO] Success: Reached the repo in 302 ms.
> [Downloader2] Loaded configuration: good
> [JFXStartPageLoader]  succeeded load page: https://page.tlauncher.org/update/downloads/configs/client/index.html during 0
> [Browser@366164783] Loaded successfully: "https://page.tlauncher.org/update/downloads/configs/client/index.html"
> [Browser] add listens into server_choose
> [Browser] finished listens into server_choose
> [Loading] POSTINIT_GUI
> [Frame] Packing main frame...
> [Frame] Resizing main pane...
> Updater is already closed. Showing up...
> Visibility set.
> [Loading] REFRESHING_INFO
> [VersionManager] Refreshing versions remotely...
> [REPO][EXTRA_VERSION_REPO] Attempt #1; timeout: 30000 ms; url: https://repo.tlauncher.org/update/downloads/versions/new5/
> Started! (4324 ms.)
> [Loading] SUCCESS
[Bootstrapper] I can be terminated now: 0
