
-------------------------------------------------------------------
[Downloader2] Loaded configuration: normal
[Bootstrapper] createLauncher
[Bootstrapper] choose jvm:C:\Users\max\AppData\Roaming\.tlauncher\jvms\jre1.8.0_281\bin\javaw.exe
[Bootstrapper] validate files
[Bootstrapper] end validated files
[Bootstrapper] Starting launcher...
[Double running] clear time label
> Loading configuration from file: C:\Users\max\AppData\Roaming\.tlauncher\tlauncher-2.0.properties
> [Configuration] Constant values: {}
> [Loading] INITIALIZING
> Starting TLauncher 2.885 RELEASE
> For more information, visit https://tlauncher.org/
> Startup time: 11.07.2023 21:58:59
> Running folder C:\Users\max\AppData\Roaming\.minecraft
> ---
> [Loading] LOADING_CONFIGURATION
> Machine info: -------------------------------------------------------
> Windows 10 10.0, Java 1.8.0_281, jvm bit x64, 16304 MB RAM
> java path=C:\Users\max\AppData\Roaming\.tlauncher\jvms\jre1.8.0_281\bin\javaw.exe
> Intel(R) Core(TM) i7-7700HQ CPU @ 2.80GHz
>  Intel(R) HD Graphics 630, Intel(R) HD Graphics Family, 8280 MB, NVIDIA GeForce GTX 1050 Ti, NVIDIA GeForce GTX 1050 Ti, 12172 MB
> -------------------------------------------------------
> Selected locale: ru_RU
> [Loading] LOADING_CONSOLE
> [Downloader2] Loaded configuration: good
> [Updater] Requesting an update...
> [Updater] Requesting from: https://repo.tlauncher.org/update/lch/release_update_2.2.json
> [Updater] Making request: https://repo.tlauncher.org/update/lch/release_update_2.2.json?version=2.885&client=0d89fa4e-bb30-41e3-b562-3d379541be6c
> [Browser] Loading resources...
> [Updater] Request time: 357 ms
> [Updater] Successfully requested from: https://repo.tlauncher.org/update/lch/release_update_2.2.json
> [Browser] Loading background...
> [Browser] Cleaning up after loading:
> Starting garbage collector: 31 / 197 MB
> Garbage collector completed: 17 / 231 MB
> [Loading] LOADING_MANAGERS
> [LocalVersionList] Base directory: C:\Users\max\Desktop\new folder\EGOR_PIDR
> [ProfileManager] Refreshing profiles from: C:\Users\max\Desktop\new folder\EGOR_PIDR\TlauncherProfiles.json
> [AdvertisingStatusObserver]  started to get ad information
> [AdvertisingStatusObserver]  finished to get add information
> save profiles
> [GsonUtil]  request to https://repo.tlauncher.org/update/downloads/libraries/org/tlauncher/authlib/libraries-1.7.json
> [Loading] LOADING_WINDOW
> [Swing] Favicons loaded: 256px, 128px, 96px, 64px, 48px, 32px, 24px, 16px
> [Loading] PREPARING_MAINPANE
> [REPO][SERVER_LIST_REPO] Success: Reached the repo in 87 ms.
> [JFXStartPageLoader]  start load page: https://page.tlauncher.org/update/downloads/configs/client/index.html
> [Browser] Running in JavaFX Thread
> [Browser] Preparing JavaFX...
> [Browser] Initializing...
> [Downloader2] Loaded configuration: good
> [JFXStartPageLoader]  succeeded load page: https://page.tlauncher.org/update/downloads/configs/client/index.html during 0
> [Browser@10859545] Loaded successfully: "https://page.tlauncher.org/update/downloads/configs/client/index.html"
> [Browser] add listens into server_choose
> [Browser] finished listens into server_choose
> [Loading] POSTINIT_GUI
> [Frame] Packing main frame...
> [Frame] Resizing main pane...
> flush now
> Updater is already closed. Showing up...
> Visibility set.
> [Loading] REFRESHING_INFO
> [VersionManager] Refreshing versions remotely...
> [REPO][EXTRA_VERSION_REPO] Attempt #1; timeout: 30000 ms; url: https://repo.tlauncher.org/update/downloads/versions/new5/
> Started! (3563 ms.)
> [Loading] SUCCESS
[Bootstrapper] I can be terminated now: 0
